Moved 人际交往中的观点批判与表达.md to communication/
Moved 相处之道.md to communication/
Moved Communication Style Analysis.md to communication/
Moved Small Talk 与社交用语.md to communication/
Moved 软技能与人际交往.md to communication/
Moved Small Talk and Greetings.md to communication/
Moved 语言与交流.md to communication/
Moved 认知与表达的效率.md to communication/
Moved 亲密关系中的沟通艺术.md to communication/
Moved 沟通与语言的文化差异.md to communication/
Moved 语言与交流的观察.md to communication/
Moved 人际交往中的观点批判与表达.md to communication/
Moved 相处之道.md to communication/
Moved Communication Style Analysis.md to communication/
Moved Small Talk 与社交用语.md to communication/
Moved 软技能与人际交往.md to communication/
Moved Small Talk and Greetings.md to communication/
Moved 语言与交流.md to communication/
Moved 认知与表达的效率.md to communication/
Moved 亲密关系中的沟通艺术.md to communication/
Moved 沟通与语言的文化差异.md to communication/
Moved 语言与交流的观察.md to communication/
