Moved 商业化表达与市场定位.md to business/
Moved LifePhilosophy.md to business/
Moved 职业发展与创业方法论.md to business/
Moved 科技与市场观察.md to business/
Moved Professional Strategy and Collaboration.md to business/
Moved 产品经理.md to business/
Moved 职业发展与自我定位.md to business/
Moved 商业与创业的本质.md to business/
Moved Career_Strategy.md to business/
Moved 个人价值的发现与表达.md to business/
Moved 自我定位與行動 (Self-Positioning and Action).md to business/
Moved 商业模式的颠覆性思维.md to business/
Moved 商业与自由的定义.md to business/
Moved 职业与合作关系.md to business/
Moved 商业模式与软件颠覆的思考.md to business/
Moved 心智掌控與認知進化.md to business/
Moved idea business startup.md to business/
Moved 职业与构建之道.md to business/
Moved 自我覺察與心態 (Self-Awareness and Mindset).md to business/
Moved 影响力与软实力.md to business/
Moved 技术与商业化.md to business/
Moved 创业与成功要素.md to business/
Moved 商业化表达与市场定位.md to business/
Moved LifePhilosophy.md to business/
Moved 职业发展与创业方法论.md to business/
Moved 科技与市场观察.md to business/
Moved Professional Strategy and Collaboration.md to business/
Moved 产品经理.md to business/
Moved 职业发展与自我定位.md to business/
Moved 商业与创业的本质.md to business/
Moved Career_Strategy.md to business/
Moved 个人价值的发现与表达.md to business/
Moved 自我定位與行動 (Self-Positioning and Action).md to business/
Moved 商业模式的颠覆性思维.md to business/
Moved 商业与自由的定义.md to business/
Moved 职业与合作关系.md to business/
Moved 商业模式与软件颠覆的思考.md to business/
Moved 心智掌控與認知進化.md to business/
Moved idea business startup.md to business/
Moved 职业与构建之道.md to business/
Moved 自我覺察與心態 (Self-Awareness and Mindset).md to business/
Moved 影响力与软实力.md to business/
Moved 技术与商业化.md to business/
Moved 创业与成功要素.md to business/
