Moved learning insight.md to cognitive/
Moved ComputerVision_FaceRecognition.md to cognitive/
Moved learning insight.md to cognitive/
Moved ComputerVision_FaceRecognition.md to cognitive/
Moved 自我认知与成长路径.md to cognitive/
Moved 认知科学与思维模式.md to cognitive/
Moved 自我认知与接纳.md to cognitive/
Moved 自我认知与诚信的基石.md to cognitive/
Moved 思维模式与认知局限.md to cognitive/
Moved 认知差异与外交的艺术.md to cognitive/
Moved 认知框架与思维模式.md to cognitive/
Moved 认知与自我发展.md to cognitive/
Moved 科学认知与心智模型.md to cognitive/
Moved 认知学习原则.md to cognitive/
Moved 认知与行动的敏捷性.md to cognitive/
Moved 认知与思维方法论.md to cognitive/
Moved 认知构建.md to cognitive/
Moved 自我认知与成长路径.md to cognitive/
Moved 认知科学与思维模式.md to cognitive/
Moved 自我认知与接纳.md to cognitive/
Moved 自我认知与诚信的基石.md to cognitive/
Moved 思维模式与认知局限.md to cognitive/
Moved 认知差异与外交的艺术.md to cognitive/
Moved 认知框架与思维模式.md to cognitive/
Moved 认知与自我发展.md to cognitive/
Moved 科学认知与心智模型.md to cognitive/
Moved 认知学习原则.md to cognitive/
Moved 认知与行动的敏捷性.md to cognitive/
Moved 认知与思维方法论.md to cognitive/
Moved 认知构建.md to cognitive/
